- User ek6l_hrk0_1ntm_gp4m, has done too many requests. On day: 01/05/2024
- A message from a non-verified user has been received. On day: 01/05/2024
- User vkfh_dskb_s4r3_p760, has done too many requests. On day: 02/05/2024
- A message from a non-verified user has been received. On day: 02/05/2024
- User vkfh_dskb_s4r3_p760, has done too many requests. On day: 03/05/2024
- A message from a non-verified user has been received. On day: 03/05/2024
+ User ek6l_hrk0_1ntm_gp4m has requested: 140 beds, 117 tables, 295 chairs, and 114 armchairs. On day: 03/05/2024
- User ek6l_hrk0_1ntm_gp4m, has done too many requests. On day: 04/05/2024
- User ek6l_hrk0_1ntm_gp4m, has requested too many materials. On day: 04/05/2024
- User vkfh_dskb_s4r3_p760, has requested too many materials. On day: 05/05/2024
- User ek6l_hrk0_1ntm_gp4m message has been corrupted. On day: 06/05/2024
- A message from a non-verified user has been received. On day: 06/05/2024
- A message from a non-verified user has been received. On day: 06/05/2024
- User ek6l_hrk0_1ntm_gp4m, has requested too many materials. On day: 07/05/2024
- User vkfh_dskb_s4r3_p760 message has been corrupted. On day: 08/05/2024
+ User ek6l_hrk0_1ntm_gp4m has requested: 165 beds, 156 tables, 237 chairs, and 287 armchairs. On day: 08/05/2024
- User vkfh_dskb_s4r3_p760, has done too many requests. On day: 08/05/2024
- A message from a non-verified user has been received. On day: 08/05/2024
- A message from a non-verified user has been received. On day: 09/05/2024
- User ek6l_hrk0_1ntm_gp4m, has done too many requests. On day: 09/05/2024
- A message from a non-verified user has been received. On day: 09/05/2024
- User vkfh_dskb_s4r3_p760 message has been corrupted. On day: 11/05/2024
- User ek6l_hrk0_1ntm_gp4m message has been corrupted. On day: 12/05/2024
- User ek6l_hrk0_1ntm_gp4m message has been corrupted. On day: 13/05/2024
- User ek6l_hrk0_1ntm_gp4m, has done too many requests. On day: 14/05/2024
- User vkfh_dskb_s4r3_p760, has requested too many materials. On day: 14/05/2024
+ User ek6l_hrk0_1ntm_gp4m has requested: 255 beds, 227 tables, 135 chairs, and 57 armchairs. On day: 14/05/2024
- A message from a non-verified user has been received. On day: 15/05/2024
- A message from a non-verified user has been received. On day: 15/05/2024
- User ek6l_hrk0_1ntm_gp4m, has requested too many materials. On day: 16/05/2024
- A message from a non-verified user has been received. On day: 16/05/2024
- User ek6l_hrk0_1ntm_gp4m, has requested too many materials. On day: 17/05/2024
- A message from a non-verified user has been received. On day: 18/05/2024
- A message from a non-verified user has been received. On day: 18/05/2024
- User vkfh_dskb_s4r3_p760, has done too many requests. On day: 18/05/2024
- User vkfh_dskb_s4r3_p760 message has been corrupted. On day: 18/05/2024
- User ek6l_hrk0_1ntm_gp4m, has done too many requests. On day: 19/05/2024
- User vkfh_dskb_s4r3_p760 message has been corrupted. On day: 19/05/2024
- User ek6l_hrk0_1ntm_gp4m, has done too many requests. On day: 19/05/2024
+ User ek6l_hrk0_1ntm_gp4m has requested: 66 beds, 17 tables, 134 chairs, and 194 armchairs. On day: 19/05/2024
+ User ek6l_hrk0_1ntm_gp4m has requested: 128 beds, 286 tables, 50 chairs, and 200 armchairs. On day: 19/05/2024
+ User vkfh_dskb_s4r3_p760 has requested: 5 beds, 141 tables, 267 chairs, and 172 armchairs. On day: 20/05/2024
+ User vkfh_dskb_s4r3_p760 has requested: 74 beds, 172 tables, 130 chairs, and 70 armchairs. On day: 20/05/2024
- User ek6l_hrk0_1ntm_gp4m, has done too many requests. On day: 21/05/2024
- A message from a non-verified user has been received. On day: 21/05/2024
- User vkfh_dskb_s4r3_p760, has done too many requests. On day: 21/05/2024
- User ek6l_hrk0_1ntm_gp4m message has been corrupted. On day: 22/05/2024
+ User vkfh_dskb_s4r3_p760 has requested: 202 beds, 179 tables, 172 chairs, and 239 armchairs. On day: 22/05/2024
- User ek6l_hrk0_1ntm_gp4m message has been corrupted. On day: 23/05/2024
+ User ek6l_hrk0_1ntm_gp4m has requested: 143 beds, 64 tables, 99 chairs, and 178 armchairs. On day: 24/05/2024
- A message from a non-verified user has been received. On day: 24/05/2024
- A message from a non-verified user has been received. On day: 24/05/2024
- User ek6l_hrk0_1ntm_gp4m, has requested too many materials. On day: 26/05/2024
- User vkfh_dskb_s4r3_p760 message has been corrupted. On day: 26/05/2024
- User vkfh_dskb_s4r3_p760, has requested too many materials. On day: 27/05/2024
- User vkfh_dskb_s4r3_p760, has done too many requests. On day: 27/05/2024
- User vkfh_dskb_s4r3_p760, has done too many requests. On day: 27/05/2024
+ User ek6l_hrk0_1ntm_gp4m has requested: 89 beds, 214 tables, 279 chairs, and 99 armchairs. On day: 27/05/2024
- User ek6l_hrk0_1ntm_gp4m message has been corrupted. On day: 28/05/2024
- A message from a non-verified user has been received. On day: 28/05/2024
- User vkfh_dskb_s4r3_p760, has done too many requests. On day: 28/05/2024
+ User ek6l_hrk0_1ntm_gp4m has requested: 247 beds, 218 tables, 145 chairs, and 153 armchairs. On day: 28/05/2024
+ User ek6l_hrk0_1ntm_gp4m has requested: 137 beds, 50 tables, 22 chairs, and 110 armchairs. On day: 29/05/2024
- A message from a non-verified user has been received. On day: 29/05/2024
+ User vkfh_dskb_s4r3_p760 has requested: 135 beds, 244 tables, 9 chairs, and 182 armchairs. On day: 29/05/2024
- User vkfh_dskb_s4r3_p760, has requested too many materials. On day: 29/05/2024
- User vkfh_dskb_s4r3_p760, has requested too many materials. On day: 30/05/2024
- User vkfh_dskb_s4r3_p760, has done too many requests. On day: 30/05/2024
+ User vkfh_dskb_s4r3_p760 has requested: 106 beds, 300 tables, 212 chairs, and 152 armchairs. On day: 31/05/2024
- A message from a non-verified user has been received. On day: 31/05/2024
+ User ek6l_hrk0_1ntm_gp4mhas requested: 1 beds, 2 tables, 4 chairs and 5 armchairs. On day: 08/05/2024
+ User ek6l_hrk0_1ntm_gp4mhas requested: 1 beds, 2 tables, 4 chairs and 5 armchairs. On day: 08/05/2024
- User ek6l_hrk0_1ntm_gp4m, has done too many requests. On day: 08/05/2024
+ User ek6l_hrk0_1ntm_gp4mhas requested: 123 beds, 234 tables, 90 chairs and 210 armchairs. On day: 08/05/2024
+ User ek6l_hrk0_1ntm_gp4mhas requested: 123 beds, 234 tables, 90 chairs and 210 armchairs. On day: 08/05/2024
+ User ek6l_hrk0_1ntm_gp4mhas requested: 1 beds, 2 tables, 3 chairs and 4 armchairs. On day: 08/05/2024
- User ek6l_hrk0_1ntm_gp4m, has done too many requests. On day: 08/05/2024
- User ek6l_hrk0_1ntm_gp4m, has done too many requests. On day: 08/05/2024
- User ek6l_hrk0_1ntm_gp4m, has done too many requests. On day: 08/05/2024
- User ek6l_hrk0_1ntm_gp4m, has done too many requests. On day: 08/05/2024
+ User ek6l_hrk0_1ntm_gp4mhas requested: 1 beds, 2 tables, 3 chairs and 4 armchairs. On day: 08/05/2024
+ User ek6l_hrk0_1ntm_gp4mhas requested: 1 beds, 2 tables, 3 chairs and 4 armchairs. On day: 08/05/2024
+ User ek6l_hrk0_1ntm_gp4mhas requested: 1 beds, 2 tables, 4 chairs and 5 armchairs. On day: 08/05/2024
- User ek6l_hrk0_1ntm_gp4m, has done too many requests. On day: 08/05/2024
+ User ek6l_hrk0_1ntm_gp4mhas requested: 1 beds, 2 tables, 3 chairs and 4 armchairs. On day: 08/05/2024
+ User ek6l_hrk0_1ntm_gp4mhas requested: 1 beds, 2 tables, 4 chairs and 4 armchairs. On day: 08/05/2024
+ User ek6l_hrk0_1ntm_gp4mhas requested: 1 beds, 2 tables, 3 chairs and 4 armchairs. On day: 08/05/2024
- User ek6l_hrk0_1ntm_gp4m, has done too many requests. On day: 08/05/2024
+ User vkfh_dskb_s4r3_p760has requested: 1 beds, 2 tables, 3 chairs and 4 armchairs. On day: 08/05/2024
+ User vkfh_dskb_s4r3_p760has requested: 1 beds, 2 tables, 3 chairs and 4 armchairs. On day: 08/05/2024